<?xml version="1.0" encoding="UTF-8"?>
<testsuite xmlns:xsi="http://www.w3.org/2001/XMLSchema-instance" xsi:noNamespaceSchemaLocation="https://maven.apache.org/surefire/maven-surefire-plugin/xsd/surefire-test-report-3.0.xsd" version="3.0" name="TestSuite" time="33.516" tests="3" errors="0" skipped="0" failures="0">
  <properties>
[...]
</properties>
  <testcase name="runScenario[&quot;Verification of Taskmo Website automation&quot;, &quot;Automation of the Taskmo Official Website&quot;](1)" classname="TestRunner.runner" time="17.982">
    <system-out><![CDATA[Opening the Chrome browser
Launched the website
Taskmo logo is displayed on Website
]]></system-out>
    <system-err><![CDATA[[main] INFO org.testng.internal.Utils - [Utils] MethodGroupsHelper.collectMethodsByGroup() took 0 ms.
[main] INFO org.testng.internal.Utils - [Utils] MethodGroupsHelper.sortMethods() took 1 ms.
[main] INFO org.testng.internal.Utils - [Utils] MethodGroupsHelper.collectMethodsByGroup() took 0 ms.
[main] INFO org.testng.internal.Utils - [Utils] MethodGroupsHelper.sortMethods() took 0 ms.
[main] INFO org.testng.internal.Utils - [Utils] MethodGroupsHelper.collectMethodsByGroup() took 0 ms.
[main] INFO org.testng.internal.Utils - [Utils] MethodGroupsHelper.sortMethods() took 0 ms.
[main] INFO org.testng.internal.Utils - [Utils] MethodGroupsHelper.collectMethodsByGroup() took 0 ms.
[main] INFO org.testng.internal.Utils - [Utils] MethodGroupsHelper.sortMethods() took 0 ms.
[main] INFO org.testng.internal.Utils - [Utils] MethodGroupsHelper.collectMethodsByGroup() took 0 ms.
[main] INFO org.testng.internal.Utils - [Utils] MethodGroupsHelper.sortMethods() took 19 ms.
[main] INFO org.testng.internal.Utils - [Utils] MethodGroupsHelper.collectMethodsByGroup() took 0 ms.
[main] INFO org.testng.internal.Utils - [Utils] MethodGroupsHelper.sortMethods() took 0 ms.
[main] INFO org.testng.internal.Utils - [Utils] MethodGroupsHelper.collectMethodsByGroup() took 0 ms.
[main] INFO org.testng.internal.Utils - [Utils] MethodGroupsHelper.sortMethods() took 0 ms.
[main] INFO org.testng.internal.Utils - [Utils] MethodGroupsHelper.collectMethodsByGroup() took 0 ms.
[main] INFO org.testng.internal.Utils - [Utils] MethodGroupsHelper.sortMethods() took 0 ms.
[main] INFO org.testng.internal.Utils - [Utils] MethodGroupsHelper.collectMethodsByGroup() took 0 ms.
[main] INFO org.testng.internal.Utils - [Utils] MethodGroupsHelper.sortMethods() took 0 ms.
[main] INFO org.testng.internal.Utils - [Utils] MethodGroupsHelper.collectMethodsByGroup() took 0 ms.
[main] INFO org.testng.internal.Utils - [Utils] MethodGroupsHelper.sortMethods() took 0 ms.
[main] INFO org.testng.internal.Utils - [Utils] MethodGroupsHelper.collectMethodsByGroup() took 0 ms.
[main] INFO org.testng.internal.Utils - [Utils] MethodGroupsHelper.sortMethods() took 0 ms.
[main] INFO org.testng.internal.Utils - [Utils] MethodGroupsHelper.collectMethodsByGroup() took 0 ms.
[main] INFO org.testng.internal.Utils - [Utils] MethodGroupsHelper.sortMethods() took 0 ms.
[main] INFO org.testng.internal.Utils - [Utils] MethodGroupsHelper.collectMethodsByGroup() took 2 ms.
[main] INFO org.testng.internal.Utils - [Utils] MethodGroupsHelper.sortMethods() took 0 ms.
[main] INFO org.testng.internal.Utils - [Utils] MethodGroupsHelper.collectMethodsByGroup() took 0 ms.
[main] INFO org.testng.internal.Utils - [Utils] MethodGroupsHelper.sortMethods() took 0 ms.
[main] INFO org.testng.internal.Utils - [Utils] MethodGroupsHelper.collectMethodsByGroup() took 0 ms.
[main] INFO org.testng.internal.Utils - [Utils] MethodGroupsHelper.sortMethods() took 0 ms.
[main] INFO org.testng.internal.Utils - [Utils] DynamicGraphHelper.createDynamicGraph() took 6 ms.
[main] INFO io.github.bonigarcia.wdm.WebDriverManager - Using chromedriver 102.0.5005.61 (resolved driver for Chrome 102)
[main] INFO io.github.bonigarcia.wdm.WebDriverManager - Exporting webdriver.chrome.driver as /Users/apple/.cache/selenium/chromedriver/mac64/102.0.5005.61/chromedriver
Starting ChromeDriver 102.0.5005.61 (0e59bcc00cc4985ce39ad31c150065f159d95ad3-refs/branch-heads/5005@{#819}) on port 52896
Only local connections are allowed.
Please see https://chromedriver.chromium.org/security-considerations for suggestions on keeping ChromeDriver safe.
ChromeDriver was started successfully.
Jun 20, 2022 12:46:39 PM org.openqa.selenium.remote.ProtocolHandshake createSession
INFO: Detected dialect: W3C
Jun 20, 2022 12:46:39 PM org.openqa.selenium.devtools.CdpVersionFinder findNearestMatch
WARNING: Unable to find an exact match for CDP version 102, so returning the closest version found: 101
Jun 20, 2022 12:46:39 PM org.openqa.selenium.devtools.CdpVersionFinder findNearestMatch
INFO: Found CDP implementation for version 102 of 101
]]></system-err>
  </testcase>
  <testcase name="runScenario[&quot;Verification of Links&quot;, &quot;Automation of the Taskmo Official Website&quot;](2)" classname="TestRunner.runner" time="8.748">
    <system-out><![CDATA[Aboutus Page is displayed
Services Page has been clicked
Blogs Page is displayed and clicked all the inside links
Contact Us Page has been clicked and Displayed
]]></system-out>
  </testcase>
  <testcase name="runScenario[&quot;Verification of close browser&quot;, &quot;Automation of the Taskmo Official Website&quot;](3)" classname="TestRunner.runner" time="0.276">
    <system-out><![CDATA[Browser is closed successfully
]]></system-out>
  </testcase>
</testsuite>