<?xml version="1.0" encoding="UTF-8"?>
<testng-results ignored="0" total="3" passed="3" failed="0" skipped="0">
  <reporter-output>
  </reporter-output>
  <suite started-at="2022-06-20T12:46:30 IST" name="All Test Suite" finished-at="2022-06-20T12:46:58 IST" duration-ms="27946">
    <groups>
      <group name="cucumber">
        <method signature="AbstractTestNGCucumberTests.runScenario(io.cucumber.testng.PickleWrapper,io.cucumber.testng.FeatureWrapper)[pri:0, instance:TestRunner.runner@54a7079e]" name="runScenario" class="io.cucumber.testng.AbstractTestNGCucumberTests"/>
      </group> <!-- cucumber -->
    </groups>
    <test started-at="2022-06-20T12:46:30 IST" name="/Users/apple/IntelliJIDEAProjects/Website/src/test/java" finished-at="2022-06-20T12:46:58 IST" duration-ms="27946">
      <class name="TestRunner.runner">
        <test-method is-config="true" signature="setUpClass(org.testng.ITestContext)[pri:0, instance:TestRunner.runner@54a7079e]" started-at="2022-06-20T12:46:30 IST" name="setUpClass" finished-at="2022-06-20T12:46:31 IST" duration-ms="806" status="PASS">
          <params>
            <param index="0">
              <value>
                <![CDATA[org.testng.TestRunner@4aa2877c]]>
              </value>
            </param>
          </params>
          <reporter-output>
          </reporter-output>
        </test-method> <!-- setUpClass -->
        <test-method signature="runScenario(io.cucumber.testng.PickleWrapper,io.cucumber.testng.FeatureWrapper)[pri:0, instance:TestRunner.runner@54a7079e]" started-at="2022-06-20T12:46:31 IST" name="runScenario" description="Runs Cucumber Scenarios" data-provider="scenarios" finished-at="2022-06-20T12:46:49 IST" duration-ms="17982" status="PASS">
          <params>
            <param index="0">
              <value>
                <![CDATA["Verification of Taskmo Website automation"]]>
              </value>
            </param>
            <param index="1">
              <value>
                <![CDATA["Automation of the Taskmo Official Website"]]>
              </value>
            </param>
          </params>
          <reporter-output>
          </reporter-output>
        </test-method> <!-- runScenario -->
        <test-method signature="runScenario(io.cucumber.testng.PickleWrapper,io.cucumber.testng.FeatureWrapper)[pri:0, instance:TestRunner.runner@54a7079e]" started-at="2022-06-20T12:46:49 IST" name="runScenario" description="Runs Cucumber Scenarios" data-provider="scenarios" finished-at="2022-06-20T12:46:58 IST" duration-ms="8748" status="PASS">
          <params>
            <param index="0">
              <value>
                <![CDATA["Verification of Links"]]>
              </value>
            </param>
            <param index="1">
              <value>
                <![CDATA["Automation of the Taskmo Official Website"]]>
              </value>
            </param>
          </params>
          <reporter-output>
          </reporter-output>
        </test-method> <!-- runScenario -->
        <test-method signature="runScenario(io.cucumber.testng.PickleWrapper,io.cucumber.testng.FeatureWrapper)[pri:0, instance:TestRunner.runner@54a7079e]" started-at="2022-06-20T12:46:58 IST" name="runScenario" description="Runs Cucumber Scenarios" data-provider="scenarios" finished-at="2022-06-20T12:46:58 IST" duration-ms="275" status="PASS">
          <params>
            <param index="0">
              <value>
                <![CDATA["Verification of close browser"]]>
              </value>
            </param>
            <param index="1">
              <value>
                <![CDATA["Automation of the Taskmo Official Website"]]>
              </value>
            </param>
          </params>
          <reporter-output>
          </reporter-output>
        </test-method> <!-- runScenario -->
        <test-method is-config="true" signature="tearDownClass()[pri:0, instance:TestRunner.runner@54a7079e]" started-at="2022-06-20T12:46:58 IST" name="tearDownClass" finished-at="2022-06-20T12:46:58 IST" duration-ms="96" status="PASS">
          <reporter-output>
          </reporter-output>
        </test-method> <!-- tearDownClass -->
      </class> <!-- TestRunner.runner -->
    </test> <!-- /Users/apple/IntelliJIDEAProjects/Website/src/test/java -->
  </suite> <!-- All Test Suite -->
</testng-results>
