<?xml version="1.0" encoding="UTF-8"?>
<!-- Generated by org.testng.reporters.JUnitXMLReporter -->
<testsuite ignored="0" hostname="Apples-MacBook-Pro.local" failures="0" tests="3" name="/Users/apple/IntelliJIDEAProjects/Website/src/test/java" time="40.911" errors="0" timestamp="2022-06-16T17:16:40 IST">
  <testcase classname="io.cucumber.testng.AbstractTestNGCucumberTests" name="runScenario" time="31.635"/>
  <testcase classname="io.cucumber.testng.AbstractTestNGCucumberTests" name="runScenario" time="8.537"/>
  <testcase classname="io.cucumber.testng.AbstractTestNGCucumberTests" name="runScenario" time="0.168"/>
</testsuite> <!-- /Users/apple/IntelliJIDEAProjects/Website/src/test/java -->
